<?xml version='1.0' encoding='UTF-8'?>
<!DOCTYPE beans PUBLIC '-//SPRING//DTD BEAN//EN' 'http://www.springframework.org/dtd/spring-beans.dtd'>

<beans>

    <bean id="repository-properties" class="org.springframework.beans.factory.config.PropertyPlaceholderConfigurer">
        <property name="ignoreUnresolvablePlaceholders">
            <value>true</value>
        </property>
        <property name="locations">
            <list>
                <value>classpath:alfresco/repository.properties</value>
            </list>
        </property>
    </bean>

   <import resource="classpath:alfresco/content-publishing-context.xml" />

   <!-- Mock Channel Type -->
   <bean id="mockChannelType" class="org.alfresco.repo.publishing.MockChannelType"
   parent="baseChannelType" />

   <!-- Mock Node Service -->
    <bean id="NodeService" class="org.mockito.Mockito" factory-method="mock">
        <constructor-arg value="org.alfresco.service.cmr.repository.NodeService" />
    </bean>

   <!-- File Folder Service -->
    <bean id="FileFolderService" class="org.mockito.Mockito" factory-method="mock">
        <constructor-arg value="org.alfresco.service.cmr.model.FileFolderService" />
    </bean>

   <!-- Mock Dictionary Service -->
    <bean id="DictionaryService" class="org.mockito.Mockito" factory-method="mock">
        <constructor-arg value="org.alfresco.service.cmr.dictionary.DictionaryService" />
    </bean>

   <!-- Mock Site Service -->
    <bean id="SiteService" class="org.mockito.Mockito" factory-method="mock">
        <constructor-arg value="org.alfresco.service.cmr.site.SiteService" />
    </bean>

   <!-- Mock Dictionary Service -->
    <bean id="dictionaryModelBootstrap" class="org.mockito.Mockito" factory-method="mock">
        <constructor-arg value="org.alfresco.repo.dictionary.DictionaryBootstrap" />
    </bean>

   <!-- Mock Content Service -->
    <bean id="ContentService" class="org.mockito.Mockito" factory-method="mock">
        <constructor-arg value="org.alfresco.service.cmr.repository.ContentService" />
    </bean>

   <!-- Mock Workflow Deployer -->
    <bean id="workflowDeployer" class="org.mockito.Mockito" factory-method="mock">
        <constructor-arg value="org.alfresco.repo.workflow.WorkflowDeployer" />
    </bean>

   <!-- Mock Transfer Manifest Node Factory -->
    <bean id="transferManifestNodeFactory" class="org.mockito.Mockito" factory-method="mock">
        <constructor-arg value="org.alfresco.repo.transfer.manifest.TransferManifestNodeFactory" />
    </bean>

   <!-- Mock Service Registry -->
    <bean id="ServiceRegistry" class="org.mockito.Mockito" factory-method="mock">
        <constructor-arg value="org.alfresco.service.ServiceRegistry" />
    </bean>

   <!-- Mock Workflow Service-->
    <bean id="WorkflowService" class="org.mockito.Mockito" factory-method="mock">
        <constructor-arg value="org.alfresco.service.cmr.workflow.WorkflowService" />
    </bean>

   <!-- Mock Workflow Service-->
    <bean id="policyBehaviourFilter" class="org.mockito.Mockito" factory-method="mock">
        <constructor-arg value="org.alfresco.repo.policy.BehaviourFilter" />
    </bean>

   <!-- Mock Version Service-->
    <bean id="VersionService" class="org.mockito.Mockito" factory-method="mock">
        <constructor-arg value="org.alfresco.service.cmr.version.VersionService" />
    </bean>

   <!-- Mock Namespace Service-->
    <bean id="NamespaceService" class="org.mockito.Mockito" factory-method="mock">
        <constructor-arg value="org.alfresco.service.namespace.NamespaceService" />
    </bean>

   <!-- Mock Search Service-->
    <bean id="SearchService" class="org.mockito.Mockito" factory-method="mock">
        <constructor-arg value="org.alfresco.service.cmr.search.SearchService" />
    </bean>

   <!-- Mock Retrying Transaction Helper -->
    <bean id="retryingTransactionHelper" class="org.mockito.Mockito" factory-method="mock">
        <constructor-arg value="org.alfresco.repo.transaction.RetryingTransactionHelper" />
    </bean>

   <!-- Mock Retrying Transaction Helper -->
    <bean id="PermissionService" class="org.mockito.Mockito" factory-method="mock">
        <constructor-arg value="org.alfresco.service.cmr.security.PermissionService" />
    </bean>

    <bean id="TransactionService" class="org.mockito.Mockito" factory-method="mock">
        <constructor-arg value="org.alfresco.service.transaction.TransactionService" />
    </bean>

    <bean id="metadataEncryptor" class="org.mockito.Mockito" factory-method="mock">
        <constructor-arg value="org.alfresco.repo.node.encryption.MetadataEncryptor" />
    </bean>

   <bean id="dictionaryBootstrap" class="java.lang.Object" />
   
</beans>
