<?xml version='1.0' encoding='UTF-8'?>
<beans xmlns="http://www.springframework.org/schema/beans" xmlns:xsi="http://www.w3.org/2001/XMLSchema-instance"
   xsi:schemaLocation="http://www.springframework.org/schema/beans http://www.springframework.org/schema/beans/spring-beans.xsd">
   <bean name="qNameContainerWithNamespace" class="org.alfresco.repo.policy.annotation.QNameTypeEditorTest.QNameContainer">
      <property name="qName" value="cm:namespacedName" />
   </bean>
   <bean name="qNameContainerNoNamespace" class="org.alfresco.repo.policy.annotation.QNameTypeEditorTest.QNameContainer">
      <property name="qName" value="noNamespaceName" />
   </bean>
</beans>
