<?xml version='1.0' encoding='UTF-8'?>
<page>
   <title>Test email invite</title>
   <description>Page for testing email invite</description>
   <template-instance>simple</template-instance>
   <authentication>admin</authentication>
   <components>

      <!-- Test Email Signup -->
      <component>
         <region-id>components</region-id>
         <url>/cloud/core/components/account/signup</url>
      </component>

   </components>
</page>