<?xml version='1.0' encoding='UTF-8'?>
<!DOCTYPE beans PUBLIC '-//SPRING//DTD BEAN//EN' 'http://www.springframework.org/dtd/spring-beans.dtd'>

<beans>
   <bean id="test.transformer.TransientFail"
         class="org.alfresco.repo.thumbnail.ThumbnailServiceImplTest$TransientFailTransformer"
         parent="baseContentTransformer" >
      <property name="explicitTransformations">
         <list>
            <bean class="org.alfresco.repo.content.transform.ExplictTransformationDetails" >
                <property name="sourceMimetype"><value>application/vnd.alfresco.test.transientfailure</value></property>
                <property name="targetMimetype"><value>image/png</value></property>
            </bean>
         </list>
      </property>
   </bean>
</beans>
